Waiting for client...
Connection URL: cs://c-3-13:23790
Accepting connection(s): c-3-13:23790
Waiting for client...
Connection URL: cs://c-3-13:23790
Waiting for client...
Connection URL: cs://c-3-13:23790
[0m[31m(   0.341s) [pvserver        ]          vtkSocket.cxx:199    ERR| vtkServerSocket (0x136c420): Socket error in call to bind. Address already in use.[0m
Waiting for client...
[0m[31m(   0.341s) [pvserver        ]vtkTCPNetworkAccessMana:453    ERR| vtkTCPNetworkAccessManager (0x127cde0): Failed to set up server socket.[0m
Connection URL: cs://c-3-13:23790
Exiting...
[0m[31m(   0.341s) [pvserver        ]          vtkSocket.cxx:199    ERR| vtkServerSocket (0x34930c0): Socket error in call to bind. Address already in use.[0m
[0m[31m(   0.342s) [pvserver        ]vtkTCPNetworkAccessMana:453    ERR| vtkTCPNetworkAccessManager (0x22dede0): Failed to set up server socket.[0m
Exiting...
[0m[31m(   0.342s) [pvserver        ]          vtkSocket.cxx:199    ERR| vtkServerSocket (0x1efc420): Socket error in call to bind. Address already in use.[0m
[0m[31m(   0.342s) [pvserver        ]vtkTCPNetworkAccessMana:453    ERR| vtkTCPNetworkAccessManager (0x1e0cde0): Failed to set up server socket.[0m
Exiting...
Waiting for client...
Connection URL: cs://c-3-13:23790
[0m[31m(   0.342s) [pvserver        ]          vtkSocket.cxx:199    ERR| vtkServerSocket (0x33b8630): Socket error in call to bind. Address already in use.[0m
[0m[31m(   0.342s) [pvserver        ]vtkTCPNetworkAccessMana:453    ERR| vtkTCPNetworkAccessManager (0x21bede0): Failed to set up server socket.[0m
Exiting...
Waiting for client...
Connection URL: cs://c-3-13:23790
[0m[31m(   0.343s) [pvserver        ]          vtkSocket.cxx:199    ERR| vtkServerSocket (0x1724420): Socket error in call to bind. Address already in use.[0m
[0m[31m(   0.343s) [pvserver        ]vtkTCPNetworkAccessMana:453    ERR| vtkTCPNetworkAccessManager (0x1634de0): Failed to set up server socket.[0m
Exiting...
Waiting for client...
Connection URL: Waiting for client...
Connection URL: Waiting for client...
Connection URL: cs://c-3-13:23790cs://c-3-13:23790

cs://c-3-13:23790
Waiting for client...
Connection URL: cs://c-3-13:23790
[0m[31m(   0.345s) [pvserver        ]          vtkSocket.cxx:199    ERR| vtkServerSocket (0x1b83ca0): Socket error in call to bind. Address already in use.[0m
[0m[31m(   0.345s) [pvserver        ]          vtkSocket.cxx:199    ERR| vtkServerSocket (0xc5f840): Socket error in call to bind. Address already in use.[0m
[0m[31m(   0.345s) [pvserver        ]          vtkSocket.cxx:199    ERR| vtkServerSocket (0x19e84a0): Socket error in call to bind. Address already in use.[0m
[0m[31m(   0.345s) [pvserver        ]          vtkSocket.cxx:199    ERR| vtkServerSocket (0x281b280): Socket error in call to bind. Address already in use.[0m
[0m[31m(   0.345s) [pvserver        ]vtkTCPNetworkAccessMana:453    ERR| vtkTCPNetworkAccessManager (0x98ade0): Failed to set up server socket.[0m
[0m[31m(   0.345s) [pvserver        ]vtkTCPNetworkAccessMana:453    ERR| vtkTCPNetworkAccessManager (0xb6fde0): Failed to set up server socket.[0m
[0m[31m(   0.345s) [pvserver        ]vtkTCPNetworkAccessMana:453    ERR| vtkTCPNetworkAccessManager (0x18f8de0): Failed to set up server socket.[0m
[0m[31m(   0.345s) [pvserver        ]vtkTCPNetworkAccessMana:453    ERR| vtkTCPNetworkAccessManager (0x16a3de0): Failed to set up server socket.[0m
Exiting...
Exiting...
Exiting...
Exiting...
Waiting for client...
Connection URL: cs://c-3-13:23790
Waiting for client...
Connection URL: cs://c-3-13:23790
[0m[31m(   0.325s) [pvserver        ]          vtkSocket.cxx:199    ERR| vtkServerSocket (0x934420): Socket error in call to bind. Address already in use.[0m
[0m[31m(   0.325s) [pvserver        ]vtkTCPNetworkAccessMana:453    ERR| vtkTCPNetworkAccessManager (0x844de0): Failed to set up server socket.[0m
Exiting...
[0m[31m(   0.346s) [pvserver        ]          vtkSocket.cxx:199    ERR| vtkServerSocket (0x2b33460): Socket error in call to bind. Address already in use.[0m
[0m[31m(   0.346s) [pvserver        ]vtkTCPNetworkAccessMana:453    ERR| vtkTCPNetworkAccessManager (0x1939de0): Failed to set up server socket.[0m
Exiting...
Client connected.
Exiting...
