Waiting for client...
Connection URL: cs://c-3-15:23790
Accepting connection(s): c-3-15:23790
Waiting for client...
Connection URL: cs://c-3-15:23790
Waiting for client...
Waiting for client...
Connection URL: cs://c-3-15:23790
Connection URL: cs://c-3-15:23790
[0m[31m(   0.458s) [pvserver        ]          vtkSocket.cxx:199    ERR| vtkServerSocket (0x382f440): Socket error in call to bind. Address already in use.[0m
[0m[31m(   0.458s) [pvserver        ]vtkTCPNetworkAccessMana:453    ERR| vtkTCPNetworkAccessManager (0x2635de0): Failed to set up server socket.[0m
Exiting...
Waiting for client...
Waiting for client...
[0m[31m(   0.458s) [pvserver        ]          vtkSocket.cxx:199    ERR| vtkServerSocket (0x1f5be60): Socket error in call to bind. Address already in use.[0m
Connection URL: cs://c-3-15:23790
Connection URL: cs://c-3-15:23790
[0m[31m(   0.458s) [pvserver        ]vtkTCPNetworkAccessMana:453    ERR| vtkTCPNetworkAccessManager (0xeb3de0): Failed to set up server socket.[0m
[0m[31m(   0.458s) [pvserver        ]          vtkSocket.cxx:199    ERR| vtkServerSocket (0xad8420): Socket error in call to bind. Address already in use.[0m
Exiting...
[0m[31m(   0.458s) [pvserver        ]vtkTCPNetworkAccessMana:453    ERR| vtkTCPNetworkAccessManager (0x9e8de0): Failed to set up server socket.[0m
Exiting...
Waiting for client...
[0m[31m(   0.458s) [pvserver        ]          vtkSocket.cxx:199    ERR| vtkServerSocket (0x9ee840): Socket error in call to bind. Address already in use.[0m
[0m[31m(   0.459s) [pvserver        ]          vtkSocket.cxx:199    ERR| vtkServerSocket (0xb3c420): Socket error in call to bind. Address already in use.[0m
Connection URL: cs://c-3-15:23790
[0m[31m(   0.459s) [pvserver        ]vtkTCPNetworkAccessMana:453    ERR| vtkTCPNetworkAccessManager (0x8fede0): Failed to set up server socket.[0m
[0m[31m(   0.459s) [pvserver        ]vtkTCPNetworkAccessMana:453    ERR| vtkTCPNetworkAccessManager (0xa4cde0): Failed to set up server socket.[0m
Waiting for client...
Connection URL: cs://c-3-15:23790
Exiting...
Exiting...
Waiting for client...
Waiting for client...
Connection URL: Connection URL: cs://c-3-15:23790
cs://c-3-15:23790
[0m[31m(   0.459s) [pvserver        ]          vtkSocket.cxx:199    ERR| vtkServerSocket (0x275b590): Socket error in call to bind. Address already in use.[0m
[0m[31m(   0.459s) [pvserver        ]          vtkSocket.cxx:199    ERR| vtkServerSocket (0x13d9420): Socket error in call to bind. Address already in use.[0m
[0m[31m(   0.459s) [pvserver        ]vtkTCPNetworkAccessMana:453    ERR| vtkTCPNetworkAccessManager (0x1561de0): Failed to set up server socket.[0m
[0m[31m(   0.459s) [pvserver        ]vtkTCPNetworkAccessMana:453    ERR| vtkTCPNetworkAccessManager (0x12e9de0): Failed to set up server socket.[0m
Exiting...
Exiting...
[0m[31m(   0.459s) [pvserver        ]          vtkSocket.cxx:199    ERR| vtkServerSocket (0x28f0170): Socket error in call to bind. Address already in use.[0m
[0m[31m(   0.459s) [pvserver        ]          vtkSocket.cxx:199    ERR| vtkServerSocket (0x1da34c0): Socket error in call to bind. Address already in use.[0m
[0m[31m(   0.459s) [pvserver        ]vtkTCPNetworkAccessMana:453    ERR| vtkTCPNetworkAccessManager (0x173bde0): Failed to set up server socket.[0m
[0m[31m(   0.459s) [pvserver        ]vtkTCPNetworkAccessMana:453    ERR| vtkTCPNetworkAccessManager (0xba9de0): Failed to set up server socket.[0m
Exiting...
Exiting...
Waiting for client...
Connection URL: cs://c-3-15:23790
[0m[31m(   0.460s) [pvserver        ]          vtkSocket.cxx:199    ERR| vtkServerSocket (0x9f2420): Socket error in call to bind. Address already in use.[0m
[0m[31m(   0.460s) [pvserver        ]vtkTCPNetworkAccessMana:453    ERR| vtkTCPNetworkAccessManager (0x902de0): Failed to set up server socket.[0m
Exiting...
Waiting for client...
Connection URL: cs://c-3-15:23790
[0m[31m(   0.418s) [pvserver        ]          vtkSocket.cxx:199    ERR| vtkServerSocket (0x23b64e0): Socket error in call to bind. Address already in use.[0m
[0m[31m(   0.418s) [pvserver        ]vtkTCPNetworkAccessMana:453    ERR| vtkTCPNetworkAccessManager (0x11bcde0): Failed to set up server socket.[0m
Exiting...
Client connected.
